build/app/outputs/mapping/release/mapping.txt
# compiler: R8
# compiler_version: 1.5.64
# min_api: 16
# pg_map_id: 7b834a2
com.example.tinder_clone.MainActivity -> com.example.tinder_clone.MainActivity:
    void configureFlutterEngine(io.flutter.embedding.engine.FlutterEngine) -> a
...
io.flutter.embedding.android.FlutterSplashView$1 -> io.flutter.embedding.android.FlutterSplashView$a:
    io.flutter.embedding.android.FlutterSplashView this$0 -> a
    void onFlutterEngineAttachedToFlutterView(io.flutter.embedding.engine.FlutterEngine) -> a
    void onFlutterEngineDetachedFromFlutterView() -> a
io.flutter.embedding.android.FlutterSplashView$2 -> io.flutter.embedding.android.FlutterSplashView$b:
    io.flutter.embedding.android.FlutterSplashView this$0 -> a
    void onFlutterUiDisplayed() -> a
    void onFlutterUiNoLongerDisplayed() -> b
io.flutter.embedding.android.FlutterSplashView$3 -> io.flutter.embedding.android.FlutterSplashView$c:
    io.flutter.embedding.android.FlutterSplashView this$0 -> a
io.flutter.embedding.android.FlutterSplashView$SavedState$1 -> io.flutter.embedding.android.FlutterSplashView$SavedState$a:
io.flutter.embedding.android.FlutterSurfaceView -> io.flutter.embedding.android.k:
    io.flutter.embedding.engine.renderer.FlutterRenderer flutterRenderer -> d
    android.view.SurfaceHolder$Callback surfaceCallback -> e
    io.flutter.embedding.engine.renderer.FlutterUiDisplayListener flutterUiDisplayListener -> f
    boolean renderTransparently -> a
    boolean isSurfaceAvailableForRendering -> b
    boolean isAttachedToFlutterRenderer -> c
    boolean access$002(io.flutter.embedding.android.FlutterSurfaceView,boolean) -> a
    boolean access$100(io.flutter.embedding.android.FlutterSurfaceView) -> a
    void access$300(io.flutter.embedding.android.FlutterSurfaceView,int,int) -> a
    void attachToRenderer(io.flutter.embedding.engine.renderer.FlutterRenderer) -> a
    void changeSurfaceSize(int,int) -> a
    void pause() -> a
    void access$200(io.flutter.embedding.android.FlutterSurfaceView) -> b
    void detachFromRenderer() -> b
    void access$400(io.flutter.embedding.android.FlutterSurfaceView) -> c
    void connectSurfaceToRenderer() -> c
    io.flutter.embedding.engine.renderer.FlutterRenderer access$500(io.flutter.embedding.android.FlutterSurfaceView) -> d
    void disconnectSurfaceFromRenderer() -> d
    void init() -> e
io.flutter.embedding.android.FlutterSurfaceView$1 -> io.flutter.embedding.android.k$a:
    io.flutter.embedding.android.FlutterSurfaceView this$0 -> a
io.flutter.embedding.android.FlutterSurfaceView$2 -> io.flutter.embedding.android.k$b:
    io.flutter.embedding.android.FlutterSurfaceView this$0 -> a
    void onFlutterUiDisplayed() -> a
    void onFlutterUiNoLongerDisplayed() -> b
io.flutter.embedding.android.FlutterTextureView -> io.flutter.embedding.android.l:
    io.flutter.embedding.engine.renderer.FlutterRenderer flutterRenderer -> c
    android.view.TextureView$SurfaceTextureListener surfaceTextureListener -> e
    android.view.Surface renderSurface -> d
    boolean isSurfaceAvailableForRendering -> a
    boolean isAttachedToFlutterRenderer -> b
    boolean access$002(io.flutter.embedding.android.FlutterTextureView,boolean) -> a
    boolean access$100(io.flutter.embedding.android.FlutterTextureView) -> a
    void access$300(io.flutter.embedding.android.FlutterTextureView,int,int) -> a
    void attachToRenderer(io.flutter.embedding.engine.renderer.FlutterRenderer) -> a
    void changeSurfaceSize(int,int) -> a
    void pause() -> a
    void access$200(io.flutter.embedding.android.FlutterTextureView) -> b
    void detachFromRenderer() -> b
    void access$400(io.flutter.embedding.android.FlutterTextureView) -> c
    void connectSurfaceToRenderer() -> c
    void disconnectSurfaceFromRenderer() -> d
    void init() -> e
io.flutter.embedding.android.FlutterTextureView$1 -> io.flutter.embedding.android.l$a:
    io.flutter.embedding.android.FlutterTextureView this$0 -> a